<?xml version="1.0" encoding="UTF-8"?>
<testng-results skipped="0" failed="0" ignored="0" total="1" passed="1">
  <reporter-output>
  </reporter-output>
  <suite name="Default suite" duration-ms="2124" started-at="2020-04-01T15:34:57Z" finished-at="2020-04-01T15:34:59Z">
    <groups>
    </groups>
    <test name="Default test" duration-ms="2124" started-at="2020-04-01T15:34:57Z" finished-at="2020-04-01T15:34:59Z">
      <class name="FileUtils">
        <test-method status="PASS" signature="test1()[pri:0, instance:FileUtils@20de05e5]" name="test1" duration-ms="2022" started-at="2020-04-01T15:34:57Z" finished-at="2020-04-01T15:34:59Z">
          <reporter-output>
          </reporter-output>
        </test-method> <!-- test1 -->
      </class> <!-- FileUtils -->
    </test> <!-- Default test -->
  </suite> <!-- Default suite -->
</testng-results>
